<?xml version="1.0" encoding="UTF-8"?>
<!-- Generated by org.testng.reporters.JUnitReportReporter -->
<testsuite hostname="sharath" failures="0" tests="1" name="com.tissolve.testscript.ChatsModule" time="0.025" errors="0" timestamp="2025-03-09T10:13:01 IST" skipped="0">
  <testcase classname="com.tissolve.testscript.ChatsModule" name="testing" time="0.025">
    <system-out>
      <![CDATA[Testing]]>
    </system-out>
  </testcase> <!-- testing -->
  <system-out>
    <![CDATA[Testing]]>
  </system-out>
</testsuite> <!-- com.tissolve.testscript.ChatsModule -->
